I /I5/P0
? Device does not cross-match.
I /I4/P0
? Device does not cross-match.
I /I3/P0
? Device does not cross-match.
I /P4
? Device does not cross-match.
I /P6
? Device does not cross-match.
I /P5
? Device does not cross-match.
I /I1/P0
? Device does not cross-match.
I /I0/P0
? Device does not cross-match.
I /I1/N0
? Device does not cross-match.
I /I0/N0
? Device does not cross-match.
I /I5/N0
? Device does not cross-match.
I /I4/N0
? Device does not cross-match.
I /I3/N0
? Device does not cross-match.
I /N1
? Device does not cross-match.
I /N0
? Device does not cross-match.
